<?xml version="1.0" encoding="UTF-8"?>
<!-- Generated by org.testng.reporters.JUnitXMLReporter -->
<testsuite ignored="0" hostname="LAPTOP-GT3N9K6P" failures="0" tests="5" name="Default test" time="8.593" errors="0" timestamp="2024-07-22T21:33:32 IST">
  <testcase classname="spotify.oauth2.tests.PlaylistTests" name="CreatePlaylist" time="6.466"/>
  <testcase classname="spotify.oauth2.tests.PlaylistTests" name="getPlaylist" time="0.84"/>
  <testcase classname="spotify.oauth2.tests.PlaylistTests" name="shouldnotBeAbleToCreatePlaylist" time="0.316"/>
  <testcase classname="spotify.oauth2.tests.PlaylistTests" name="shouldnotBeAbleToCreatePlaylistwithExpiredToken" time="0.292"/>
  <testcase classname="spotify.oauth2.tests.PlaylistTests" name="updatePlaylist" time="0.41"/>
</testsuite> <!-- Default test -->
